#options: 380x288 fps=72/1 timebase=1/72 bitdepth=8 cabac=1 ref=1 deblock=1:0:0 analyse=0x1:0 me=dia subme=2 psy=1 psy_rd=1.00:0.00 mixed_ref=0 me_range=16 chroma_me=1 trellis=0 8x8dct=0 cqm=0 deadzone=21,11 fast_pskip=1 chroma_qp_offset=0 threads=54 lookahead_threads=2 sliced_threads=0 nr=0 decimate=1 interlaced=0 bluray_compat=0 constrained_intra=0 bframes=3 b_pyramid=2 b_adapt=1 b_bias=0 direct=1 weightb=1 open_gop=0 weightp=2 keyint=250 keyint_min=81 scenecut=40 intra_refresh=0 rc_lookahead=40 rc=cbr mbtree=1 bitrate=94 ratetol=1.0 qcomp=0.60 qpmin=0 qpmax=69 qpstep=4 vbv_maxrate=94 vbv_bufsize=64 nal_hrd=none filler=0 ip_ratio=0.02 aq=1:1.00
in:0 out:0 type:I dur:2 cpbdur:2 q:69.00 aq:51.00 tex:74 mv:195 misc:99 imb:432 pmb:0 smb:0 d:- ref:;
in:4 out:1 type:P dur:2 cpbdur:2 q:58.61 aq:47.06 tex:1496 mv:767 misc:217 imb:245 pmb:8 smb:179 d:- ref:0 ;
in:2 out:2 type:B dur:2 cpbdur:2 q:67.36 aq:42.00 tex:1 mv:2 misc:117 imb:0 pmb:1 smb:431 d:- ref:0 ;
in:1 out:3 type:b dur:2 cpbdur:2 q:67.36 aq:44.00 tex:1 mv:2 misc:117 imb:0 pmb:1 smb:431 d:- ref:0 ;
in:3 out:4 type:b dur:2 cpbdur:2 q:67.36 aq:44.00 tex:0 mv:0 misc:112 imb:0 pmb:0 smb:432 d:- ref:0 ;
in:8 out:5 type:P dur:2 cpbdur:2 q:53.74 aq:43.94 tex:1059 mv:617 misc:276 imb:118 pmb:9 smb:305 d:- ref:0 ;
in:6 out:6 type:B dur:2 cpbdur:2 q:59.75 aq:44.00 tex:0 mv:0 misc:128 imb:0 pmb:0 smb:432 d:- ref:0 ;
in:5 out:7 type:b dur:2 cpbdur:2 q:59.70 aq:45.00 tex:0 mv:0 misc:112 imb:0 pmb:0 smb:432 d:- ref:0 ;
in:7 out:8 type:b dur:2 cpbdur:2 q:59.80 aq:47.00 tex:0 mv:0 misc:112 imb:0 pmb:0 smb:432 d:- ref:0 ;
in:12 out:9 type:P dur:2 cpbdur:2 q:48.04 aq:43.17 tex:900 mv:489 misc:323 imb:84 pmb:23 smb:325 d:- ref:0 ;
in:10 out:10 type:B dur:2 cpbdur:2 q:53.93 aq:46.36 tex:27 mv:5 misc:128 imb:0 pmb:1 smb:431 d:- ref:0 ;
in:9 out:11 type:b dur:2 cpbdur:2 q:53.92 aq:48.00 tex:0 mv:0 misc:112 imb:0 pmb:0 smb:432 d:- ref:0 ;
in:11 out:12 type:b dur:2 cpbdur:2 q:53.93 aq:48.00 tex:0 mv:0 misc:112 imb:0 pmb:0 smb:432 d:- ref:0 ;
in:13 out:13 type:P dur:2 cpbdur:2 q:47.53 aq:42.27 tex:276 mv:109 misc:191 imb:12 pmb:6 smb:414 d:- ref:0 ;
in:14 out:14 type:P dur:2 cpbdur:2 q:45.04 aq:39.49 tex:2326 mv:667 misc:367 imb:71 pmb:39 smb:322 d:- ref:0 ;
in:18 out:15 type:P dur:2 cpbdur:2 q:43.82 aq:38.28 tex:1186 mv:476 misc:330 imb:46 pmb:26 smb:360 d:- ref:0 ;
in:16 out:16 type:B dur:2 cpbdur:2 q:45.04 aq:47.00 tex:0 mv:14 misc:146 imb:0 pmb:4 smb:428 d:- ref:0 ;
in:15 out:17 type:b dur:2 cpbdur:2 q:45.09 aq:48.00 tex:0 mv:0 misc:112 imb:0 pmb:0 smb:432 d:- ref:0 ;
in:17 out:18 type:b dur:2 cpbdur:2 q:45.04 aq:48.00 tex:1 mv:5 misc:122 imb:0 pmb:2 smb:430 d:- ref:0 ;
in:22 out:19 type:P dur:2 cpbdur:2 q:45.84 aq:42.43 tex:139 mv:97 misc:180 imb:5 pmb:9 smb:418 d:- ref:0 ;
in:20 out:20 type:B dur:2 cpbdur:2 q:45.79 aq:47.00 tex:0 mv:4 misc:132 imb:0 pmb:2 smb:430 d:- ref:0 ;
in:19 out:21 type:b dur:2 cpbdur:2 q:45.76 aq:49.00 tex:1 mv:6 misc:113 imb:0 pmb:2 smb:430 d:- ref:0 ;
in:21 out:22 type:b dur:2 cpbdur:2 q:45.81 aq:50.00 tex:0 mv:0 misc:112 imb:0 pmb:0 smb:432 d:- ref:0 ;
in:26 out:23 type:P dur:2 cpbdur:2 q:46.48 aq:38.03 tex:319 mv:242 misc:215 imb:16 pmb:11 smb:405 d:- ref:0 ;
in:24 out:24 type:B dur:2 cpbdur:2 q:46.47 aq:46.42 tex:43 mv:66 misc:147 imb:1 pmb:6 smb:425 d:- ref:0 ;
in:23 out:25 type:b dur:2 cpbdur:2 q:46.46 aq:50.00 tex:0 mv:3 misc:117 imb:0 pmb:1 smb:431 d:- ref:0 ;
in:25 out:26 type:b dur:2 cpbdur:2 q:46.47 aq:51.00 tex:1 mv:3 misc:116 imb:0 pmb:1 smb:431 d:- ref:0 ;
in:30 out:27 type:P dur:2 cpbdur:2 q:47.81 aq:40.65 tex:212 mv:185 misc:187 imb:10 pmb:11 smb:411 d:- ref:0 ;
in:28 out:28 type:B dur:2 cpbdur:2 q:47.78 aq:50.00 tex:0 mv:6 misc:130 imb:0 pmb:2 smb:430 d:- ref:0 ;
in:27 out:29 type:b dur:2 cpbdur:2 q:47.76 aq:51.00 tex:0 mv:0 misc:112 imb:0 pmb:0 smb:432 d:- ref:0 ;
in:29 out:30 type:b dur:2 cpbdur:2 q:47.80 aq:51.00 tex:0 mv:0 misc:112 imb:0 pmb:0 smb:432 d:- ref:0 ;
in:34 out:31 type:P dur:2 cpbdur:2 q:48.28 aq:46.91 tex:208 mv:122 misc:190 imb:7 pmb:8 smb:417 d:- ref:0 ;
in:32 out:32 type:B dur:2 cpbdur:2 q:48.27 aq:51.00 tex:0 mv:10 misc:142 imb:0 pmb:4 smb:428 d:- ref:0 ;
in:31 out:33 type:b dur:2 cpbdur:2 q:48.26 aq:51.00 tex:0 mv:0 misc:112 imb:0 pmb:0 smb:432 d:- ref:0 ;
in:33 out:34 type:b dur:2 cpbdur:2 q:48.28 aq:51.00 tex:0 mv:0 misc:112 imb:0 pmb:0 smb:432 d:- ref:0 ;
in:38 out:35 type:P dur:2 cpbdur:2 q:48.66 aq:39.41 tex:324 mv:294 misc:190 imb:20 pmb:16 smb:396 d:- ref:0 ;
in:36 out:36 type:B dur:2 cpbdur:2 q:48.65 aq:51.00 tex:14 mv:18 misc:144 imb:0 pmb:4 smb:428 d:- ref:0 ;
in:35 out:37 type:b dur:2 cpbdur:2 q:48.65 aq:51.00 tex:7 mv:27 misc:134 imb:1 pmb:4 smb:427 d:- ref:0 ;
in:37 out:38 type:b dur:2 cpbdur:2 q:48.66 aq:51.00 tex:0 mv:0 misc:112 imb:0 pmb:0 smb:432 d:- ref:0 ;
in:42 out:39 type:P dur:2 cpbdur:2 q:48.79 aq:47.46 tex:164 mv:131 misc:169 imb:8 pmb:7 smb:417 d:- ref:0 ;
in:40 out:40 type:B dur:2 cpbdur:2 q:48.79 aq:51.00 tex:15 mv:11 misc:150 imb:0 pmb:4 smb:428 d:- ref:0 ;
in:39 out:41 type:b dur:2 cpbdur:2 q:48.78 aq:51.00 tex:1 mv:3 misc:116 imb:0 pmb:1 smb:431 d:- ref:0 ;
in:41 out:42 type:b dur:2 cpbdur:2 q:48.79 aq:51.00 tex:0 mv:0 misc:112 imb:0 pmb:0 smb:432 d:- ref:0 ;
in:43 out:43 type:P dur:2 cpbdur:2 q:49.34 aq:47.27 tex:122 mv:129 misc:173 imb:4 pmb:9 smb:419 d:- ref:0 ;
in:47 out:44 type:P dur:2 cpbdur:2 q:48.95 aq:45.57 tex:142 mv:160 misc:170 imb:9 pmb:6 smb:417 d:- ref:0 ;
in:45 out:45 type:B dur:2 cpbdur:2 q:49.33 aq:51.00 tex:1 mv:3 misc:132 imb:0 pmb:1 smb:431 d:- ref:0 ;
in:44 out:46 type:b dur:2 cpbdur:2 q:49.34 aq:51.00 tex:0 mv:0 misc:112 imb:0 pmb:0 smb:432 d:- ref:0 ;
in:46 out:47 type:b dur:2 cpbdur:2 q:49.33 aq:51.00 tex:10 mv:6 misc:112 imb:0 pmb:1 smb:431 d:- ref:0 ;
in:51 out:48 type:P dur:2 cpbdur:2 q:50.45 aq:49.06 tex:187 mv:123 misc:154 imb:9 pmb:4 smb:419 d:- ref:0 ;
in:49 out:49 type:B dur:2 cpbdur:2 q:50.41 aq:51.00 tex:13 mv:7 misc:140 imb:0 pmb:3 smb:429 d:- ref:0 ;
in:48 out:50 type:b dur:2 cpbdur:2 q:50.39 aq:51.00 tex:0 mv:0 misc:112 imb:0 pmb:0 smb:432 d:- ref:0 ;
in:50 out:51 type:b dur:2 cpbdur:2 q:50.43 aq:51.00 tex:0 mv:0 misc:112 imb:0 pmb:0 smb:432 d:- ref:0 ;
in:55 out:52 type:P dur:2 cpbdur:2 q:50.58 aq:42.91 tex:297 mv:164 misc:211 imb:11 pmb:14 smb:407 d:- ref:0 ;
in:53 out:53 type:B dur:2 cpbdur:2 q:50.57 aq:51.00 tex:1 mv:39 misc:136 imb:0 pmb:3 smb:429 d:- ref:0 ;
in:52 out:54 type:b dur:2 cpbdur:2 q:50.57 aq:51.00 tex:0 mv:3 misc:117 imb:0 pmb:1 smb:431 d:- ref:0 ;
in:54 out:55 type:b dur:2 cpbdur:2 q:50.58 aq:51.00 tex:1 mv:6 misc:121 imb:0 pmb:2 smb:430 d:- ref:0 ;
in:59 out:56 type:P dur:2 cpbdur:2 q:57.07 aq:51.00 tex:19 mv:44 misc:137 imb:2 pmb:2 smb:428 d:- ref:0 ;
in:57 out:57 type:B dur:2 cpbdur:2 q:56.89 aq:51.00 tex:1 mv:3 misc:132 imb:0 pmb:1 smb:431 d:- ref:0 ;
in:56 out:58 type:b dur:2 cpbdur:2 q:56.80 aq:51.00 tex:0 mv:0 misc:112 imb:0 pmb:0 smb:432 d:- ref:0 ;
in:58 out:59 type:b dur:2 cpbdur:2 q:56.98 aq:51.00 tex:29 mv:7 misc:116 imb:0 pmb:2 smb:430 d:- ref:0 ;
in:63 out:60 type:P dur:2 cpbdur:2 q:55.56 aq:49.90 tex:95 mv:132 misc:165 imb:7 pmb:6 smb:419 d:- ref:0 ;
in:61 out:61 type:B dur:2 cpbdur:2 q:57.03 aq:51.00 tex:16 mv:18 misc:134 imb:0 pmb:2 smb:430 d:- ref:0 ;
in:60 out:62 type:b dur:2 cpbdur:2 q:57.05 aq:51.00 tex:0 mv:0 misc:112 imb:0 pmb:0 smb:432 d:- ref:0 ;
in:62 out:63 type:b dur:2 cpbdur:2 q:57.01 aq:51.00 tex:0 mv:0 misc:112 imb:0 pmb:0 smb:432 d:- ref:0 ;
in:67 out:64 type:P dur:2 cpbdur:2 q:52.79 aq:50.61 tex:95 mv:106 misc:159 imb:10 pmb:3 smb:419 d:- ref:0 ;
in:65 out:65 type:B dur:2 cpbdur:2 q:55.48 aq:51.00 tex:13 mv:6 misc:133 imb:0 pmb:1 smb:431 d:- ref:0 ;
in:64 out:66 type:b dur:2 cpbdur:2 q:55.52 aq:51.00 tex:0 mv:0 misc:112 imb:0 pmb:0 smb:432 d:- ref:0 ;
in:66 out:67 type:b dur:2 cpbdur:2 q:55.44 aq:51.00 tex:0 mv:0 misc:112 imb:0 pmb:0 smb:432 d:- ref:0 ;
in:71 out:68 type:P dur:2 cpbdur:2 q:51.26 aq:48.88 tex:126 mv:116 misc:166 imb:6 pmb:6 smb:420 d:- ref:0 ;
in:69 out:69 type:B dur:2 cpbdur:2 q:52.74 aq:51.00 tex:16 mv:8 misc:136 imb:0 pmb:2 smb:430 d:- ref:0 ;
in:68 out:70 type:b dur:2 cpbdur:2 q:52.77 aq:51.00 tex:1 mv:3 misc:116 imb:0 pmb:1 smb:431 d:- ref:0 ;
in:70 out:71 type:b dur:2 cpbdur:2 q:52.72 aq:51.00 tex:0 mv:0 misc:112 imb:0 pmb:0 smb:432 d:- ref:0 ;
in:72 out:72 type:P dur:2 cpbdur:2 q:47.61 aq:40.74 tex:473 mv:273 misc:294 imb:23 pmb:18 smb:391 d:- ref:0 ;
in:76 out:73 type:P dur:2 cpbdur:2 q:44.72 aq:37.32 tex:943 mv:494 misc:371 imb:43 pmb:34 smb:355 d:- ref:0 ;
in:74 out:74 type:B dur:2 cpbdur:2 q:47.50 aq:49.00 tex:1 mv:10 misc:141 imb:0 pmb:4 smb:428 d:- ref:0 ;
in:73 out:75 type:b dur:2 cpbdur:2 q:47.56 aq:51.00 tex:0 mv:0 misc:112 imb:0 pmb:0 smb:432 d:- ref:0 ;
in:75 out:76 type:b dur:2 cpbdur:2 q:47.44 aq:49.00 tex:0 mv:0 misc:112 imb:0 pmb:0 smb:432 d:- ref:0 ;
in:77 out:77 type:P dur:2 cpbdur:2 q:46.19 aq:37.10 tex:89 mv:38 misc:153 imb:3 pmb:3 smb:426 d:- ref:0 ;
in:78 out:78 type:P dur:2 cpbdur:2 q:43.67 aq:35.50 tex:1612 mv:725 misc:415 imb:69 pmb:45 smb:318 d:- ref:0 ;
in:82 out:79 type:P dur:2 cpbdur:2 q:41.30 aq:35.05 tex:2055 mv:644 misc:413 imb:55 pmb:51 smb:326 d:- ref:0 ;
in:80 out:80 type:B dur:2 cpbdur:2 q:43.66 aq:41.03 tex:60 mv:39 misc:157 imb:1 pmb:7 smb:424 d:- ref:0 ;
in:79 out:81 type:b dur:2 cpbdur:2 q:44.11 aq:44.00 tex:0 mv:0 misc:112 imb:0 pmb:0 smb:432 d:- ref:0 ;
in:81 out:82 type:b dur:2 cpbdur:2 q:43.65 aq:44.00 tex:2 mv:14 misc:120 imb:0 pmb:4 smb:428 d:- ref:0 ;
in:83 out:83 type:P dur:2 cpbdur:2 q:42.83 aq:33.43 tex:102 mv:55 misc:179 imb:0 pmb:19 smb:413 d:- ref:0 ;
in:84 out:84 type:P dur:2 cpbdur:2 q:40.75 aq:32.86 tex:1609 mv:504 misc:407 imb:41 pmb:40 smb:351 d:- ref:0 ;
in:88 out:85 type:P dur:2 cpbdur:2 q:39.98 aq:32.98 tex:1465 mv:450 misc:373 imb:23 pmb:53 smb:356 d:- ref:0 ;
in:86 out:86 type:B dur:2 cpbdur:2 q:41.31 aq:40.00 tex:1 mv:22 misc:153 imb:0 pmb:7 smb:425 d:- ref:0 ;
in:85 out:87 type:b dur:2 cpbdur:2 q:41.82 aq:41.00 tex:1 mv:12 misc:123 imb:0 pmb:3 smb:429 d:- ref:0 ;
in:87 out:88 type:b dur:2 cpbdur:2 q:41.29 aq:41.00 tex:0 mv:0 misc:112 imb:0 pmb:0 smb:432 d:- ref:0 ;
in:89 out:89 type:P dur:2 cpbdur:2 q:40.66 aq:30.93 tex:2032 mv:535 misc:369 imb:40 pmb:41 smb:351 d:- ref:0 ;
in:93 out:90 type:P dur:2 cpbdur:2 q:38.36 aq:30.97 tex:1596 mv:559 misc:373 imb:40 pmb:40 smb:352 d:- ref:0 ;
in:91 out:91 type:B dur:2 cpbdur:2 q:41.03 aq:39.00 tex:1 mv:6 misc:137 imb:0 pmb:2 smb:430 d:- ref:0 ;
in:90 out:92 type:b dur:2 cpbdur:2 q:41.35 aq:40.00 tex:0 mv:0 misc:112 imb:0 pmb:0 smb:432 d:- ref:0 ;
in:92 out:93 type:b dur:2 cpbdur:2 q:41.01 aq:40.00 tex:0 mv:3 misc:117 imb:0 pmb:1 smb:431 d:- ref:0 ;
in:94 out:94 type:P dur:2 cpbdur:2 q:39.94 aq:28.91 tex:57 mv:15 misc:144 imb:1 pmb:2 smb:429 d:- ref:0 ;
in:95 out:95 type:P dur:2 cpbdur:2 q:38.79 aq:30.52 tex:1197 mv:525 misc:342 imb:29 pmb:38 smb:365 d:- ref:0 ;
in:99 out:96 type:P dur:2 cpbdur:2 q:38.55 aq:30.27 tex:1364 mv:360 misc:324 imb:20 pmb:39 smb:373 d:- ref:0 ;
in:97 out:97 type:B dur:2 cpbdur:2 q:39.36 aq:38.39 tex:19 mv:38 misc:159 imb:0 pmb:7 smb:425 d:- ref:0 ;
in:96 out:98 type:b dur:2 cpbdur:2 q:39.81 aq:40.00 tex:0 mv:0 misc:112 imb:0 pmb:0 smb:432 d:- ref:0 ;
in:98 out:99 type:b dur:2 cpbdur:2 q:39.35 aq:40.00 tex:0 mv:12 misc:132 imb:0 pmb:4 smb:428 d:- ref:0 ;
in:100 out:100 type:P dur:2 cpbdur:2 q:39.47 aq:32.09 tex:60 mv:20 misc:144 imb:2 pmb:1 smb:429 d:- ref:0 ;
in:101 out:101 type:P dur:2 cpbdur:2 q:38.61 aq:30.01 tex:1238 mv:443 misc:367 imb:24 pmb:40 smb:368 d:- ref:0 ;
in:105 out:102 type:P dur:2 cpbdur:2 q:38.54 aq:31.47 tex:1327 mv:328 misc:297 imb:11 pmb:34 smb:387 d:- ref:0 ;
in:103 out:103 type:B dur:2 cpbdur:2 q:39.13 aq:37.00 tex:21 mv:41 misc:154 imb:1 pmb:7 smb:424 d:- ref:0 ;
in:102 out:104 type:b dur:2 cpbdur:2 q:39.65 aq:40.00 tex:0 mv:0 misc:112 imb:0 pmb:0 smb:432 d:- ref:0 ;
in:104 out:105 type:b dur:2 cpbdur:2 q:39.14 aq:41.00 tex:2 mv:13 misc:129 imb:0 pmb:6 smb:426 d:- ref:0 ;
in:106 out:106 type:P dur:2 cpbdur:2 q:40.04 aq:32.00 tex:24 mv:29 misc:139 imb:0 pmb:3 smb:429 d:- ref:0 ;
in:107 out:107 type:P dur:2 cpbdur:2 q:38.29 aq:30.83 tex:1519 mv:503 misc:338 imb:16 pmb:53 smb:363 d:- ref:0 ;
in:111 out:108 type:P dur:2 cpbdur:2 q:37.76 aq:30.79 tex:1394 mv:309 misc:321 imb:13 pmb:42 smb:377 d:- ref:0 ;
in:109 out:109 type:B dur:2 cpbdur:2 q:38.85 aq:39.00 tex:1 mv:22 misc:161 imb:0 pmb:10 smb:422 d:- ref:0 ;
in:108 out:110 type:b dur:2 cpbdur:2 q:39.91 aq:40.00 tex:3 mv:17 misc:132 imb:0 pmb:6 smb:426 d:- ref:0 ;
in:110 out:111 type:b dur:2 cpbdur:2 q:38.86 aq:41.00 tex:0 mv:0 misc:112 imb:0 pmb:0 smb:432 d:- ref:0 ;
in:112 out:112 type:P dur:2 cpbdur:2 q:38.62 aq:30.56 tex:802 mv:429 misc:305 imb:24 pmb:30 smb:378 d:- ref:0 ;
in:116 out:113 type:P dur:2 cpbdur:2 q:39.10 aq:32.06 tex:753 mv:255 misc:248 imb:8 pmb:26 smb:398 d:- ref:0 ;
in:114 out:114 type:B dur:2 cpbdur:2 q:39.08 aq:42.00 tex:3 mv:28 misc:169 imb:0 pmb:11 smb:421 d:- ref:0 ;
in:113 out:115 type:b dur:2 cpbdur:2 q:39.08 aq:43.00 tex:0 mv:0 misc:112 imb:0 pmb:0 smb:432 d:- ref:0 ;
in:115 out:116 type:b dur:2 cpbdur:2 q:39.09 aq:43.00 tex:1 mv:17 misc:150 imb:0 pmb:10 smb:422 d:- ref:0 ;
in:117 out:117 type:P dur:2 cpbdur:2 q:40.42 aq:40.00 tex:0 mv:0 misc:120 imb:0 pmb:0 smb:432 d:- ref:0 ;
in:118 out:118 type:P dur:2 cpbdur:2 q:39.89 aq:33.00 tex:639 mv:345 misc:240 imb:20 pmb:21 smb:391 d:- ref:0 ;
in:122 out:119 type:P dur:2 cpbdur:2 q:40.25 aq:34.03 tex:628 mv:317 misc:255 imb:12 pmb:28 smb:392 d:- ref:0 ;
in:120 out:120 type:B dur:2 cpbdur:2 q:40.24 aq:43.00 tex:2 mv:20 misc:154 imb:0 pmb:9 smb:423 d:- ref:0 ;
in:119 out:121 type:b dur:2 cpbdur:2 q:40.24 aq:44.00 tex:0 mv:0 misc:112 imb:0 pmb:0 smb:432 d:- ref:0 ;
in:121 out:122 type:b dur:2 cpbdur:2 q:40.25 aq:45.00 tex:1 mv:21 misc:130 imb:0 pmb:9 smb:423 d:- ref:0 ;
in:123 out:123 type:P dur:2 cpbdur:2 q:42.44 aq:33.22 tex:97 mv:2 misc:125 imb:0 pmb:1 smb:431 d:- ref:0 ;
in:124 out:124 type:P dur:2 cpbdur:2 q:40.55 aq:31.50 tex:764 mv:375 misc:301 imb:20 pmb:30 smb:382 d:- ref:0 ;
in:128 out:125 type:P dur:2 cpbdur:2 q:39.90 aq:34.20 tex:1088 mv:358 misc:306 imb:15 pmb:40 smb:377 d:- ref:0 ;
in:126 out:126 type:B dur:2 cpbdur:2 q:40.66 aq:42.00 tex:4 mv:49 misc:147 imb:0 pmb:6 smb:426 d:- ref:0 ;
in:125 out:127 type:b dur:2 cpbdur:2 q:41.47 aq:43.00 tex:0 mv:0 misc:112 imb:0 pmb:0 smb:432 d:- ref:0 ;
in:127 out:128 type:b dur:2 cpbdur:2 q:40.65 aq:43.00 tex:1 mv:11 misc:124 imb:0 pmb:5 smb:427 d:- ref:0 ;
in:129 out:129 type:P dur:2 cpbdur:2 q:40.91 aq:42.00 tex:0 mv:0 misc:120 imb:0 pmb:0 smb:432 d:- ref:0 ;
in:130 out:130 type:P dur:2 cpbdur:2 q:40.54 aq:34.86 tex:525 mv:255 misc:244 imb:7 pmb:23 smb:402 d:- ref:0 ;
in:131 out:131 type:P dur:2 cpbdur:2 q:41.32 aq:42.00 tex:0 mv:0 misc:120 imb:0 pmb:0 smb:432 d:- ref:0 ;
in:132 out:132 type:P dur:2 cpbdur:2 q:41.55 aq:34.72 tex:870 mv:355 misc:319 imb:21 pmb:28 smb:383 d:- ref:0 w:6,63,1 ;
in:134 out:133 type:P dur:2 cpbdur:2 q:41.72 aq:41.00 tex:0 mv:0 misc:128 imb:0 pmb:0 smb:432 d:- ref:0 ;
in:133 out:134 type:b dur:2 cpbdur:2 q:41.71 aq:46.00 tex:0 mv:0 misc:112 imb:0 pmb:0 smb:432 d:- ref:0 ;
in:135 out:135 type:P dur:2 cpbdur:2 q:41.50 aq:33.69 tex:650 mv:363 misc:347 imb:20 pmb:31 smb:381 d:- ref:0 w:7,127,0 ;
in:139 out:136 type:P dur:2 cpbdur:2 q:41.39 aq:34.44 tex:643 mv:268 misc:257 imb:8 pmb:26 smb:398 d:- ref:0 w:0,1,1 ;
in:137 out:137 type:B dur:2 cpbdur:2 q:41.50 aq:34.22 tex:24 mv:65 misc:167 imb:3 pmb:5 smb:424 d:- ref:0 ;
in:136 out:138 type:b dur:2 cpbdur:2 q:41.50 aq:46.00 tex:0 mv:0 misc:112 imb:0 pmb:0 smb:432 d:- ref:0 ;
in:138 out:139 type:b dur:2 cpbdur:2 q:41.50 aq:46.00 tex:2 mv:19 misc:139 imb:0 pmb:6 smb:426 d:- ref:0 ;
in:140 out:140 type:P dur:2 cpbdur:2 q:41.15 aq:37.92 tex:94 mv:12 misc:142 imb:0 pmb:3 smb:429 d:- ref:0 ;
in:141 out:141 type:P dur:2 cpbdur:2 q:40.38 aq:32.47 tex:1115 mv:633 misc:380 imb:57 pmb:36 smb:339 d:- ref:0 w:0,1,1 ;
in:145 out:142 type:P dur:2 cpbdur:2 q:39.88 aq:32.69 tex:715 mv:346 misc:307 imb:16 pmb:28 smb:388 d:- ref:0 ;
in:143 out:143 type:B dur:2 cpbdur:2 q:40.37 aq:43.00 tex:2 mv:23 misc:159 imb:0 pmb:10 smb:422 d:- ref:0 ;
in:142 out:144 type:b dur:2 cpbdur:2 q:40.37 aq:44.00 tex:0 mv:0 misc:112 imb:0 pmb:0 smb:432 d:- ref:0 ;
in:144 out:145 type:b dur:2 cpbdur:2 q:40.37 aq:44.00 tex:2 mv:25 misc:133 imb:0 pmb:8 smb:424 d:- ref:0 ;
in:146 out:146 type:P dur:2 cpbdur:2 q:40.32 aq:32.95 tex:87 mv:22 misc:147 imb:0 pmb:4 smb:428 d:- ref:0 ;
in:147 out:147 type:P dur:2 cpbdur:2 q:38.72 aq:29.75 tex:1350 mv:646 misc:420 imb:41 pmb:54 smb:337 d:- ref:0 ;
in:151 out:148 type:P dur:2 cpbdur:2 q:40.04 aq:34.79 tex:490 mv:243 misc:211 imb:7 pmb:20 smb:405 d:- ref:0 ;
in:149 out:149 type:B dur:2 cpbdur:2 q:39.98 aq:42.00 tex:0 mv:72 misc:168 imb:0 pmb:12 smb:420 d:- ref:0 ;
in:148 out:150 type:b dur:2 cpbdur:2 q:40.05 aq:43.00 tex:0 mv:0 misc:112 imb:0 pmb:0 smb:432 d:- ref:0 ;
in:150 out:151 type:b dur:2 cpbdur:2 q:40.01 aq:44.00 tex:1 mv:26 misc:149 imb:0 pmb:10 smb:422 d:- ref:0 ;
in:152 out:152 type:P dur:2 cpbdur:2 q:40.79 aq:32.19 tex:95 mv:35 misc:142 imb:0 pmb:6 smb:426 d:- ref:0 ;
in:153 out:153 type:P dur:2 cpbdur:2 q:38.31 aq:29.46 tex:1367 mv:497 misc:360 imb:31 pmb:39 smb:362 d:- ref:0 ;
in:157 out:154 type:P dur:2 cpbdur:2 q:38.58 aq:33.25 tex:706 mv:248 misc:262 imb:5 pmb:34 smb:393 d:- ref:0 ;
in:155 out:155 type:B dur:2 cpbdur:2 q:39.02 aq:41.00 tex:3 mv:37 misc:168 imb:0 pmb:9 smb:423 d:- ref:0 ;
in:154 out:156 type:b dur:2 cpbdur:2 q:39.80 aq:42.00 tex:0 mv:0 misc:112 imb:0 pmb:0 smb:432 d:- ref:0 ;
in:156 out:157 type:b dur:2 cpbdur:2 q:39.04 aq:42.00 tex:1 mv:16 misc:143 imb:0 pmb:8 smb:424 d:- ref:0 ;
in:158 out:158 type:P dur:2 cpbdur:2 q:37.84 aq:29.86 tex:1314 mv:535 misc:415 imb:33 pmb:52 smb:347 d:- ref:0 ;
in:162 out:159 type:P dur:2 cpbdur:2 q:37.03 aq:30.90 tex:1368 mv:429 misc:347 imb:21 pmb:38 smb:373 d:- ref:0 ;
in:160 out:160 type:B dur:2 cpbdur:2 q:37.89 aq:39.00 tex:6 mv:74 misc:168 imb:0 pmb:11 smb:421 d:- ref:0 ;
in:159 out:161 type:b dur:2 cpbdur:2 q:38.31 aq:41.00 tex:0 mv:0 misc:112 imb:0 pmb:0 smb:432 d:- ref:0 ;
in:161 out:162 type:b dur:2 cpbdur:2 q:37.88 aq:41.00 tex:5 mv:23 misc:156 imb:0 pmb:11 smb:421 d:- ref:0 ;
in:163 out:163 type:P dur:2 cpbdur:2 q:37.85 aq:36.06 tex:55 mv:39 misc:146 imb:2 pmb:3 smb:427 d:- ref:0 ;
in:164 out:164 type:P dur:2 cpbdur:2 q:41.88 aq:38.92 tex:271 mv:192 misc:153 imb:3 pmb:16 smb:413 d:- ref:0 ;
in:166 out:165 type:P dur:2 cpbdur:2 q:39.49 aq:29.46 tex:25 mv:17 misc:158 imb:0 pmb:3 smb:429 d:- ref:0 ;
in:165 out:166 type:b dur:2 cpbdur:2 q:41.70 aq:43.00 tex:0 mv:0 misc:112 imb:0 pmb:0 smb:432 d:- ref:0 ;
in:168 out:167 type:P dur:2 cpbdur:2 q:37.76 aq:31.56 tex:2008 mv:569 misc:391 imb:27 pmb:52 smb:353 d:- ref:0 w:6,63,1 ;
in:167 out:168 type:b dur:2 cpbdur:2 q:39.58 aq:39.00 tex:1 mv:21 misc:146 imb:0 pmb:9 smb:423 d:- ref:0 ;
in:169 out:169 type:P dur:2 cpbdur:2 q:39.00 aq:26.14 tex:37 mv:23 misc:124 imb:2 pmb:0 smb:430 d:- ref:0 ;
in:170 out:170 type:P dur:2 cpbdur:2 q:37.19 aq:29.34 tex:1165 mv:588 misc:391 imb:47 pmb:40 smb:345 d:- ref:0 w:7,127,0 ;
in:172 out:171 type:P dur:2 cpbdur:2 q:37.96 aq:29.98 tex:20 mv:9 misc:139 imb:1 pmb:0 smb:431 d:- ref:0 ;
in:171 out:172 type:b dur:2 cpbdur:2 q:38.20 aq:41.00 tex:0 mv:0 misc:112 imb:0 pmb:0 smb:432 d:- ref:0 ;
in:173 out:173 type:P dur:2 cpbdur:2 q:36.51 aq:29.16 tex:1555 mv:515 misc:386 imb:30 pmb:43 smb:359 d:- ref:0 w:0,1,1 ;
in:177 out:174 type:P dur:2 cpbdur:2 q:35.58 aq:28.47 tex:1156 mv:608 misc:404 imb:40 pmb:47 smb:345 d:- ref:0 w:0,1,1 ;
in:175 out:175 type:B dur:2 cpbdur:2 q:36.52 aq:39.00 tex:4 mv:18 misc:146 imb:0 pmb:6 smb:426 d:- ref:0 ;
in:174 out:176 type:b dur:2 cpbdur:2 q:36.99 aq:40.00 tex:0 mv:0 misc:112 imb:0 pmb:0 smb:432 d:- ref:0 ;
in:176 out:177 type:b dur:2 cpbdur:2 q:36.52 aq:40.00 tex:2 mv:13 misc:129 imb:0 pmb:6 smb:426 d:- ref:0 ;
in:178 out:178 type:P dur:2 cpbdur:2 q:39.36 aq:39.00 tex:0 mv:0 misc:120 imb:0 pmb:0 smb:432 d:- ref:0 ;
in:179 out:179 type:P dur:2 cpbdur:2 q:39.40 aq:31.66 tex:487 mv:147 misc:182 imb:6 pmb:15 smb:411 d:- ref:0 ;
in:180 out:180 type:P dur:2 cpbdur:2 q:39.32 aq:39.00 tex:0 mv:0 misc:120 imb:0 pmb:0 smb:432 d:- ref:0 ;
in:181 out:181 type:P dur:2 cpbdur:2 q:39.24 aq:33.29 tex:201 mv:96 misc:183 imb:3 pmb:10 smb:419 d:- ref:0 ;
in:185 out:182 type:P dur:2 cpbdur:2 q:39.19 aq:32.10 tex:441 mv:142 misc:177 imb:5 pmb:15 smb:412 d:- ref:0 ;
in:183 out:183 type:B dur:2 cpbdur:2 q:39.25 aq:42.00 tex:1 mv:18 misc:141 imb:0 pmb:5 smb:427 d:- ref:0 ;
in:182 out:184 type:b dur:2 cpbdur:2 q:39.26 aq:43.00 tex:0 mv:0 misc:112 imb:0 pmb:0 smb:432 d:- ref:0 ;
in:184 out:185 type:b dur:2 cpbdur:2 q:39.25 aq:43.00 tex:1 mv:11 misc:132 imb:0 pmb:5 smb:427 d:- ref:0 ;
in:189 out:186 type:P dur:2 cpbdur:2 q:39.04 aq:39.91 tex:22 mv:66 misc:136 imb:2 pmb:6 smb:424 d:- ref:0 ;
in:187 out:187 type:B dur:2 cpbdur:2 q:39.18 aq:42.00 tex:1 mv:16 misc:135 imb:0 pmb:4 smb:428 d:- ref:0 ;
in:186 out:188 type:b dur:2 cpbdur:2 q:39.18 aq:43.00 tex:0 mv:12 misc:124 imb:0 pmb:4 smb:428 d:- ref:0 ;
in:188 out:189 type:b dur:2 cpbdur:2 q:39.18 aq:43.00 tex:0 mv:0 misc:112 imb:0 pmb:0 smb:432 d:- ref:0 ;
